Start testing: May 02 18:12 MSK
----------------------------------------------------------
1/3 Testing: test_src
1/3 Test: test_src
Command: "/home/zahar/Документы/colomn-engine/column-engine/FileBasicTools/build_release/test_src"
Directory: /home/zahar/Документы/colomn-engine/column-engine/FileBasicTools/build_release
"test_src" start time: May 02 18:12 MSK
Output:
----------------------------------------------------------
[==========] Running 39 tests from 7 test suites.
[----------] Global test environment set-up.
[----------] 11 tests from CSVReaderTest
[ RUN      ] CSVReaderTest.ReadSingleRow
[       OK ] CSVReaderTest.ReadSingleRow (104 ms)
[ RUN      ] CSVReaderTest.ReadFullTable
[       OK ] CSVReaderTest.ReadFullTable (95 ms)
[ RUN      ] CSVReaderTest.CustomDelimiter
[       OK ] CSVReaderTest.CustomDelimiter (104 ms)
[ RUN      ] CSVReaderTest.ReadChunk_SmallBucket
[       OK ] CSVReaderTest.ReadChunk_SmallBucket (104 ms)
[ RUN      ] CSVReaderTest.BOM_Handling
[       OK ] CSVReaderTest.BOM_Handling (102 ms)
[ RUN      ] CSVReaderTest.EmptyFile
[       OK ] CSVReaderTest.EmptyFile (107 ms)
[ RUN      ] CSVReaderTest.LargeFile_MultipleBuckets
[       OK ] CSVReaderTest.LargeFile_MultipleBuckets (117 ms)
[ RUN      ] CSVReaderTest.Escaping_DelimiterInQuotes
[       OK ] CSVReaderTest.Escaping_DelimiterInQuotes (108 ms)
[ RUN      ] CSVReaderTest.Escaping_QuotesInQuotes
[       OK ] CSVReaderTest.Escaping_QuotesInQuotes (105 ms)
[ RUN      ] CSVReaderTest.Escaping_NewlineInQuotes
[       OK ] CSVReaderTest.Escaping_NewlineInQuotes (102 ms)
[ RUN      ] CSVReaderTest.Escaping_Complex
[       OK ] CSVReaderTest.Escaping_Complex (100 ms)
[----------] 11 tests from CSVReaderTest (1153 ms total)

[----------] 5 tests from CSVWriterTest
[ RUN      ] CSVWriterTest.LowLevelPrimitives
[       OK ] CSVWriterTest.LowLevelPrimitives (100 ms)
[ RUN      ] CSVWriterTest.StringEscaping
[       OK ] CSVWriterTest.StringEscaping (108 ms)
[ RUN      ] CSVWriterTest.WriteBatch
[       OK ] CSVWriterTest.WriteBatch (97 ms)
[ RUN      ] CSVWriterTest.WriteBatch_ComplexData
[       OK ] CSVWriterTest.WriteBatch_ComplexData (106 ms)
[ RUN      ] CSVWriterTest.CustomDelimiter
[       OK ] CSVWriterTest.CustomDelimiter (110 ms)
[----------] 5 tests from CSVWriterTest (522 ms total)

[----------] 5 tests from BelZReaderTest
[ RUN      ] BelZReaderTest.ReadSingleBatch
[       OK ] BelZReaderTest.ReadSingleBatch (237 ms)
[ RUN      ] BelZReaderTest.ReadMultipleBatches
[       OK ] BelZReaderTest.ReadMultipleBatches (211 ms)
[ RUN      ] BelZReaderTest.ColumnTypeConsistency
[       OK ] BelZReaderTest.ColumnTypeConsistency (200 ms)
[ RUN      ] BelZReaderTest.EmptyData
[       OK ] BelZReaderTest.EmptyData (217 ms)
[ RUN      ] BelZReaderTest.Persistence
[       OK ] BelZReaderTest.Persistence (229 ms)
[----------] 5 tests from BelZReaderTest (1097 ms total)

[----------] 7 tests from BelZWriterTest
[ RUN      ] BelZWriterTest.FileCreationAndNaming
[       OK ] BelZWriterTest.FileCreationAndNaming (106 ms)
[ RUN      ] BelZWriterTest.OffsetTracking
[       OK ] BelZWriterTest.OffsetTracking (112 ms)
[ RUN      ] BelZWriterTest.WriteInt64
[       OK ] BelZWriterTest.WriteInt64 (100 ms)
[ RUN      ] BelZWriterTest.WriteInt64_Negative
[       OK ] BelZWriterTest.WriteInt64_Negative (98 ms)
[ RUN      ] BelZWriterTest.WriteString_WithLengthPrefix
[       OK ] BelZWriterTest.WriteString_WithLengthPrefix (107 ms)
[ RUN      ] BelZWriterTest.WriteData_Dispatcher
[       OK ] BelZWriterTest.WriteData_Dispatcher (98 ms)
[ RUN      ] BelZWriterTest.WriteMeta_Integration
[       OK ] BelZWriterTest.WriteMeta_Integration (104 ms)
[----------] 7 tests from BelZWriterTest (729 ms total)

[----------] 4 tests from CSVConvertorTest
[ RUN      ] CSVConvertorTest.EndToEnd_TranspositionCheck
[       OK ] CSVConvertorTest.EndToEnd_TranspositionCheck (420 ms)
[ RUN      ] CSVConvertorTest.MissingSchemeFile
[       OK ] CSVConvertorTest.MissingSchemeFile (245 ms)
[ RUN      ] CSVConvertorTest.EmptyCSV
[       OK ] CSVConvertorTest.EmptyCSV (385 ms)
[ RUN      ] CSVConvertorTest.LargeFile_MultipleBatches
[       OK ] CSVConvertorTest.LargeFile_MultipleBatches (410 ms)
[----------] 4 tests from CSVConvertorTest (1461 ms total)

[----------] 3 tests from BelZConvertorTest
[ RUN      ] BelZConvertorTest.RoundTrip_Small
[       OK ] BelZConvertorTest.RoundTrip_Small (832 ms)
[ RUN      ] BelZConvertorTest.RoundTrip_Large
[       OK ] BelZConvertorTest.RoundTrip_Large (785 ms)
[ RUN      ] BelZConvertorTest.EmptyFile
[       OK ] BelZConvertorTest.EmptyFile (613 ms)
[----------] 3 tests from BelZConvertorTest (2231 ms total)

[----------] 4 tests from BelZIntegrityTest
[ RUN      ] BelZIntegrityTest.LargeFile_CharHistogram
[       OK ] BelZIntegrityTest.LargeFile_CharHistogram (693 ms)
[ RUN      ] BelZIntegrityTest.SpecialCharacters_Hardcore
[       OK ] BelZIntegrityTest.SpecialCharacters_Hardcore (734 ms)
[ RUN      ] BelZIntegrityTest.VeryLongStrings
[       OK ] BelZIntegrityTest.VeryLongStrings (690 ms)
[ RUN      ] BelZIntegrityTest.OnlyIntegers
[       OK ] BelZIntegrityTest.OnlyIntegers (703 ms)
[----------] 4 tests from BelZIntegrityTest (2821 ms total)

[----------] Global test environment tear-down
[==========] 39 tests from 7 test suites ran. (10017 ms total)
[  PASSED  ] 39 tests.
<end of output>
Test time =  10.02 sec
----------------------------------------------------------
Test Passed.
"test_src" end time: May 02 18:13 MSK
"test_src" time elapsed: 00:00:10
----------------------------------------------------------

2/3 Testing: test_bench
2/3 Test: test_bench
Command: "/home/zahar/Документы/colomn-engine/column-engine/FileBasicTools/build_release/test_bench"
Directory: /home/zahar/Документы/colomn-engine/column-engine/FileBasicTools/build_release
"test_bench" start time: May 02 18:13 MSK
Output:
----------------------------------------------------------
Running main() from /usr/src/debug/gtest/googletest-1.17.0/googletest/src/gtest_main.cc
[==========] Running 1 test from 1 test suite.
[----------] Global test environment set-up.
[----------] 1 test from CSVConvertor
[ RUN      ] CSVConvertor.hits_sample
[       OK ] CSVConvertor.hits_sample (4731 ms)
[----------] 1 test from CSVConvertor (4731 ms total)

[----------] Global test environment tear-down
[==========] 1 test from 1 test suite ran. (4731 ms total)
[  PASSED  ] 1 test.
<end of output>
Test time =   4.74 sec
----------------------------------------------------------
Test Passed.
"test_bench" end time: May 02 18:13 MSK
"test_bench" time elapsed: 00:00:04
----------------------------------------------------------

3/3 Testing: test_data_structures
3/3 Test: test_data_structures
Command: "/home/zahar/Документы/colomn-engine/column-engine/FileBasicTools/build_release/test_data_structures"
Directory: /home/zahar/Документы/colomn-engine/column-engine/FileBasicTools/build_release
"test_data_structures" start time: May 02 18:13 MSK
Output:
----------------------------------------------------------
Running main() from /usr/src/debug/gtest/googletest-1.17.0/googletest/src/gtest_main.cc
[==========] Running 32 tests from 7 test suites.
[----------] Global test environment set-up.
[----------] 1 test from SchemeUtils
[ RUN      ] SchemeUtils.DatumConvertor_Logic
[       OK ] SchemeUtils.DatumConvertor_Logic (0 ms)
[----------] 1 test from SchemeUtils (0 ms total)

[----------] 7 tests from SchemeTest
[ RUN      ] SchemeTest.EmptyState
[       OK ] SchemeTest.EmptyState (0 ms)
[ RUN      ] SchemeTest.PushBack_And_Size
[       OK ] SchemeTest.PushBack_And_Size (0 ms)
[ RUN      ] SchemeTest.Accessors_ByIndex
[       OK ] SchemeTest.Accessors_ByIndex (0 ms)
[ RUN      ] SchemeTest.GetInfo_ReturnsRef
[       OK ] SchemeTest.GetInfo_ReturnsRef (0 ms)
[ RUN      ] SchemeTest.GetData_RawPointer
[       OK ] SchemeTest.GetData_RawPointer (0 ms)
[ RUN      ] SchemeTest.Clear
[       OK ] SchemeTest.Clear (0 ms)
[ RUN      ] SchemeTest.OrderIsPreserved
[       OK ] SchemeTest.OrderIsPreserved (0 ms)
[----------] 7 tests from SchemeTest (0 ms total)

[----------] 7 tests from MetaDataTest
[ RUN      ] MetaDataTest.EmptyOnStart
[       OK ] MetaDataTest.EmptyOnStart (0 ms)
[ RUN      ] MetaDataTest.BatchOffsetsAddAndRetrieve
[       OK ] MetaDataTest.BatchOffsetsAddAndRetrieve (0 ms)
[ RUN      ] MetaDataTest.Rows_AddAndRetrieve
[       OK ] MetaDataTest.Rows_AddAndRetrieve (0 ms)
[ RUN      ] MetaDataTest.Scheme_SetAndGet
[       OK ] MetaDataTest.Scheme_SetAndGet (0 ms)
[ RUN      ] MetaDataTest.ColumnOffsetsFlatLayout_AddAndRetrieve
[       OK ] MetaDataTest.ColumnOffsetsFlatLayout_AddAndRetrieve (0 ms)
[ RUN      ] MetaDataTest.OutOfRangeAccessThrows
[       OK ] MetaDataTest.OutOfRangeAccessThrows (0 ms)
[ RUN      ] MetaDataTest.Clear
[       OK ] MetaDataTest.Clear (0 ms)
[----------] 7 tests from MetaDataTest (0 ms total)

[----------] 5 tests from Int64ColumnTest
[ RUN      ] Int64ColumnTest.BasicOperations
[       OK ] Int64ColumnTest.BasicOperations (0 ms)
[ RUN      ] Int64ColumnTest.AppendFromString
[       OK ] Int64ColumnTest.AppendFromString (0 ms)
[ RUN      ] Int64ColumnTest.AppendFromString_InvalidData
[       OK ] Int64ColumnTest.AppendFromString_InvalidData (0 ms)
[ RUN      ] Int64ColumnTest.OutOfBounds
[       OK ] Int64ColumnTest.OutOfBounds (0 ms)
[ RUN      ] Int64ColumnTest.RawPointerAccess
[       OK ] Int64ColumnTest.RawPointerAccess (0 ms)
[----------] 5 tests from Int64ColumnTest (0 ms total)

[----------] 3 tests from StringColumnTest
[ RUN      ] StringColumnTest.BasicOperations
[       OK ] StringColumnTest.BasicOperations (0 ms)
[ RUN      ] StringColumnTest.AppendFromString
[       OK ] StringColumnTest.AppendFromString (0 ms)
[ RUN      ] StringColumnTest.OutOfBounds
[       OK ] StringColumnTest.OutOfBounds (0 ms)
[----------] 3 tests from StringColumnTest (0 ms total)

[----------] 3 tests from ColumnUtilsTest
[ RUN      ] ColumnUtilsTest.IsCheck
[       OK ] ColumnUtilsTest.IsCheck (0 ms)
[ RUN      ] ColumnUtilsTest.AsCast
[       OK ] ColumnUtilsTest.AsCast (0 ms)
[ RUN      ] ColumnUtilsTest.Polymorphism
[       OK ] ColumnUtilsTest.Polymorphism (0 ms)
[----------] 3 tests from ColumnUtilsTest (0 ms total)

[----------] 6 tests from BatchTest
[ RUN      ] BatchTest.DefaultConstructor
[       OK ] BatchTest.DefaultConstructor (0 ms)
[ RUN      ] BatchTest.ManualAssembly
[       OK ] BatchTest.ManualAssembly (0 ms)
[ RUN      ] BatchTest.ConstructorFromChunk_MixedTypes
[       OK ] BatchTest.ConstructorFromChunk_MixedTypes (0 ms)
[ RUN      ] BatchTest.ConstructorFromChunk_InvalidData
[       OK ] BatchTest.ConstructorFromChunk_InvalidData (0 ms)
[ RUN      ] BatchTest.Clear
[       OK ] BatchTest.Clear (0 ms)
[ RUN      ] BatchTest.OutOfBoundsAccess
[       OK ] BatchTest.OutOfBoundsAccess (0 ms)
[----------] 6 tests from BatchTest (0 ms total)

[----------] Global test environment tear-down
[==========] 32 tests from 7 test suites ran. (0 ms total)
[  PASSED  ] 32 tests.
<end of output>
Test time =   0.00 sec
----------------------------------------------------------
Test Passed.
"test_data_structures" end time: May 02 18:13 MSK
"test_data_structures" time elapsed: 00:00:00
----------------------------------------------------------

End testing: May 02 18:13 MSK
